<?xml version="1.0" encoding="UTF-8"?>
<!-- Generated by org.testng.reporters.JUnitReportReporter -->
<testsuite hostname="CH247" failures="0" tests="5" name="g.Group" time="0.001" errors="0" timestamp="29 січ. 2020 14:12:31 GMT" skipped="0">
  <testcase classname="g.Group" name="Scooter2" time="0.000"/>
  <testcase classname="g.Group" name="Sedan1" time="0.000"/>
  <testcase classname="g.Group" name="Car2" time="0.000"/>
  <testcase classname="g.Group" name="Car1" time="0.001"/>
  <testcase classname="g.Group" name="Scooter1" time="0.000"/>
</testsuite> <!-- g.Group -->
