<?xml version="1.0" encoding="UTF-8"?>
<!-- Generated by org.testng.reporters.JUnitReportReporter -->
<testsuite hostname="CH247" failures="0" tests="3" name="d.DataProviderObj" time="0.006" errors="0" timestamp="29 січ. 2020 14:12:31 GMT" skipped="0">
  <testcase classname="d.DataProviderObj" name="empTest" time="0.006"/>
  <testcase classname="d.DataProviderObj" name="empTest" time="0.000"/>
  <testcase classname="d.DataProviderObj" name="empTest" time="0.000"/>
</testsuite> <!-- d.DataProviderObj -->
