<?xml version="1.0" encoding="UTF-8"?>
<!-- Generated by org.testng.reporters.JUnitReportReporter -->
<testsuite hostname="CH247" failures="0" tests="1" name="a.ParamFromXML" time="0.000" errors="0" timestamp="29 січ. 2020 14:12:31 GMT" skipped="0">
  <testcase classname="a.ParamFromXML" name="paramTest" time="0.000"/>
</testsuite> <!-- a.ParamFromXML -->
